# Logfile created on Sat Aug 29 04:14:21 +0200 2009REQUESTING PAGE: GET /users/new with {} and HTTP headers {}


Processing UsersController#new (for 127.0.0.1 at 2009-08-29 04:29:32) [GET]
Rendering template within layouts/users
Rendering users/new
Completed in 69ms (View: 64, DB: 0) | 200 OK [http://www.example.com/users/new]
REQUESTING PAGE: POST /users with {"commit"=>"Create", "user"=>{"newsletter"=>"false", "user_name"=>"user_name 1", "full_name"=>"full_name 1", "recaptcha"=>"false", "password"=>"password 1", "email"=>"email 1"}} and HTTP headers {"HTTP_REFERER"=>"/users/new"}


Processing UsersController#create (for 127.0.0.1 at 2009-08-29 04:29:33) [POST]
  Parameters: {"commit"=>"Create", "user"=>{"full_name"=>"full_name 1", "user_name"=>"user_name 1", "newsletter"=>"false", "password"=>"password 1", "recaptcha"=>"false", "email"=>"email 1"}}
  [4;36;1mUser Create (0.5ms)[0m   [0;1mINSERT INTO "users" ("created_at", "updated_at", "full_name", "user_name", "newsletter", "password", "recaptcha", "email") VALUES('2009-08-29 02:29:33', '2009-08-29 02:29:33', 'full_name 1', 'user_name 1', 'f', 'password 1', 'f', 'email 1')[0m
Redirected to http://www.example.com/users/1
Completed in 19ms (DB: 1) | 302 Found [http://www.example.com/users]
REQUESTING PAGE: GET http://www.example.com/users/1 with {} and HTTP headers {"HTTP_REFERER"=>"/users"}


Processing UsersController#show (for 127.0.0.1 at 2009-08-29 04:29:33) [GET]
  Parameters: {"id"=>"1"}
  [4;35;1mUser Load (0.3ms)[0m   [0mSELECT * FROM "users" WHERE ("users"."id" = 1) [0m
Rendering template within layouts/users
Rendering users/show
Completed in 2ms (View: 1, DB: 0) | 200 OK [http://www.example.com/users/1]
  [4;36;1mUser Create (0.3ms)[0m   [0;1mINSERT INTO "users" ("created_at", "updated_at", "full_name", "user_name", "newsletter", "password", "recaptcha", "email") VALUES('2009-08-29 02:29:33', '2009-08-29 02:29:33', 'full_name 1', 'user_name 1', 'f', 'password 1', 'f', 'email 1')[0m
  [4;35;1mUser Create (0.1ms)[0m   [0mINSERT INTO "users" ("created_at", "updated_at", "full_name", "user_name", "newsletter", "password", "recaptcha", "email") VALUES('2009-08-29 02:29:33', '2009-08-29 02:29:33', 'full_name 2', 'user_name 2', 't', 'password 2', 't', 'email 2')[0m
  [4;36;1mUser Create (0.1ms)[0m   [0;1mINSERT INTO "users" ("created_at", "updated_at", "full_name", "user_name", "newsletter", "password", "recaptcha", "email") VALUES('2009-08-29 02:29:33', '2009-08-29 02:29:33', 'full_name 3', 'user_name 3', 'f', 'password 3', 'f', 'email 3')[0m
  [4;35;1mUser Create (0.1ms)[0m   [0mINSERT INTO "users" ("created_at", "updated_at", "full_name", "user_name", "newsletter", "password", "recaptcha", "email") VALUES('2009-08-29 02:29:33', '2009-08-29 02:29:33', 'full_name 4', 'user_name 4', 't', 'password 4', 't', 'email 4')[0m
REQUESTING PAGE: GET http://www.example.com/users with {} and HTTP headers {}


Processing UsersController#index (for 127.0.0.1 at 2009-08-29 04:29:33) [GET]
  [4;36;1mUser Load (0.4ms)[0m   [0;1mSELECT * FROM "users" [0m
Rendering template within layouts/users
Rendering users/index
Completed in 5ms (View: 3, DB: 1) | 200 OK [http://www.example.com/users]
REQUESTING PAGE: DELETE /users/3 with {} and HTTP headers {"HTTP_REFERER"=>"http://www.example.com/users"}


Processing UsersController#destroy (for 127.0.0.1 at 2009-08-29 04:29:33) [DELETE]
  Parameters: {"id"=>"3"}
  [4;35;1mUser Load (0.3ms)[0m   [0mSELECT * FROM "users" WHERE ("users"."id" = 3) [0m
  [4;36;1mUser Destroy (0.1ms)[0m   [0;1mDELETE FROM "users" WHERE "id" = 3[0m
Redirected to http://www.example.com/users
Completed in 2ms (DB: 0) | 302 Found [http://www.example.com/users/3]
REQUESTING PAGE: GET http://www.example.com/users with {} and HTTP headers {"HTTP_REFERER"=>"/users/3"}


Processing UsersController#index (for 127.0.0.1 at 2009-08-29 04:29:33) [GET]
  [4;35;1mUser Load (0.4ms)[0m   [0mSELECT * FROM "users" [0m
Rendering template within layouts/users
Rendering users/index
Completed in 3ms (View: 2, DB: 0) | 200 OK [http://www.example.com/users]
